# JRE version: OpenJDK Runtime Environment (Zulu11.37+48-CA) (11.0.6+9) (build 11.0.6+9-LTS)
# Java VM: OpenJDK 64-Bit Server VM (11.0.6+9-LTS, mixed mode, tiered, compressed oops, g1 gc, linux-aarch64)
Heap:
 garbage-first heap   total 215040K, used 153114K [0x00000000a3800000, 0x0000000100000000)
  region size 1024K, 57 young (58368K), 8 survivors (8192K)
 Metaspace       used 67379K, capacity 68839K, committed 69120K, reserved 1110016K
  class space    used 7054K, capacity 7644K, committed 7680K, reserved 1048576K
GC Heap History (20 events):
Event: 413.055 GC heap before
{Heap before GC invocations=136 (full 2):
 garbage-first heap   total 215040K, used 176908K [0x00000000a3800000, 0x0000000100000000)
  region size 1024K, 55 young (56320K), 5 survivors (5120K)
 Metaspace       used 66802K, capacity 68327K, committed 68608K, reserved 1110016K
  class space    used 7028K, capacity 7629K, committed 7680K, reserved 1048576K
}
Event: 413.061 GC heap after
{Heap after GC invocations=137 (full 2):
 garbage-first heap   total 215040K, used 131013K [0x00000000a3800000, 0x0000000100000000)
  region size 1024K, 7 young (7168K), 7 survivors (7168K)
 Metaspace       used 66802K, capacity 68327K, committed 68608K, reserved 1110016K
  class space    used 7028K, capacity 7629K, committed 7680K, reserved 1048576K
}
Event: 413.707 GC heap before
{Heap before GC invocations=137 (full 2):
 garbage-first heap   total 215040K, used 134085K [0x00000000a3800000, 0x0000000100000000)
  region size 1024K, 10 young (10240K), 7 survivors (7168K)
 Metaspace       used 66802K, capacity 68327K, committed 68608K, reserved 1110016K
  class space    used 7028K, capacity 7629K, committed 7680K, reserved 1048576K
}
Event: 413.724 GC heap after
{Heap after GC invocations=138 (full 2):
 garbage-first heap   total 215040K, used 119295K [0x00000000a3800000, 0x0000000100000000)
  region size 1024K, 1 young (1024K), 1 survivors (1024K)
 Metaspace       used 66802K, capacity 68327K, committed 68608K, reserved 1110016K
  class space    used 7028K, capacity 7629K, committed 7680K, reserved 1048576K
}
Event: 417.134 GC heap before
{Heap before GC invocations=138 (full 2):
 garbage-first heap   total 215040K, used 171519K [0x00000000a3800000, 0x0000000100000000)
  region size 1024K, 53 young (54272K), 1 survivors (1024K)
 Metaspace       used 66808K, capacity 68327K, committed 68608K, reserved 1110016K
  class space    used 7028K, capacity 7629K, committed 7680K, reserved 1048576K
}
Event: 417.140 GC heap after
{Heap after GC invocations=139 (full 2):
 garbage-first heap   total 215040K, used 123488K [0x00000000a3800000, 0x0000000100000000)
  region size 1024K, 5 young (5120K), 5 survivors (5120K)
 Metaspace       used 66808K, capacity 68327K, committed 68608K, reserved 1110016K
  class space    used 7028K, capacity 7629K, committed 7680K, reserved 1048576K
}
Event: 421.932 GC heap before
{Heap before GC invocations=139 (full 2):
 garbage-first heap   total 215040K, used 173664K [0x00000000a3800000, 0x0000000100000000)
  region size 1024K, 55 young (56320K), 5 survivors (5120K)
 Metaspace       used 66809K, capacity 68327K, committed 68608K, reserved 1110016K
  class space    used 7028K, capacity 7629K, committed 7680K, reserved 1048576K
}
Event: 421.944 GC heap after
{Heap after GC invocations=140 (full 2):
 garbage-first heap   total 215040K, used 125886K [0x00000000a3800000, 0x0000000100000000)
  region size 1024K, 5 young (5120K), 5 survivors (5120K)
 Metaspace       used 66809K, capacity 68327K, committed 68608K, reserved 1110016K
  class space    used 7028K, capacity 7629K, committed 7680K, reserved 1048576K
}
Event: 427.636 GC heap before
{Heap before GC invocations=140 (full 2):
 garbage-first heap   total 215040K, used 175038K [0x00000000a3800000, 0x0000000100000000)
  region size 1024K, 54 young (55296K), 5 survivors (5120K)
 Metaspace       used 66811K, capacity 68327K, committed 68608K, reserved 1110016K
  class space    used 7028K, capacity 7629K, committed 7680K, reserved 1048576K
}
Event: 427.664 GC heap after
{Heap after GC invocations=141 (full 2):
 garbage-first heap   total 215040K, used 128246K [0x00000000a3800000, 0x0000000100000000)
  region size 1024K, 5 young (5120K), 5 survivors (5120K)
 Metaspace       used 66811K, capacity 68327K, committed 68608K, reserved 1110016K
  class space    used 7028K, capacity 7629K, committed 7680K, reserved 1048576K
}
Event: 434.218 GC heap before
{Heap before GC invocations=142 (full 2):
 garbage-first heap   total 215040K, used 176374K [0x00000000a3800000, 0x0000000100000000)
  region size 1024K, 53 young (54272K), 5 survivors (5120K)
 Metaspace       used 66820K, capacity 68327K, committed 68608K, reserved 1110016K
  class space    used 7029K, capacity 7629K, committed 7680K, reserved 1048576K
}
Event: 434.222 GC heap after
{Heap after GC invocations=143 (full 2):
 garbage-first heap   total 215040K, used 125901K [0x00000000a3800000, 0x0000000100000000)
  region size 1024K, 2 young (2048K), 2 survivors (2048K)
 Metaspace       used 66820K, capacity 68327K, committed 68608K, reserved 1110016K
  class space    used 7029K, capacity 7629K, committed 7680K, reserved 1048576K
}
Event: 445.091 GC heap before
{Heap before GC invocations=143 (full 2):
 garbage-first heap   total 215040K, used 128973K [0x00000000a3800000, 0x0000000100000000)
  region size 1024K, 6 young (6144K), 2 survivors (2048K)
 Metaspace       used 66826K, capacity 68333K, committed 68608K, reserved 1110016K
  class space    used 7029K, capacity 7630K, committed 7680K, reserved 1048576K
}
Event: 445.196 GC heap after
{Heap after GC invocations=144 (full 3):
 garbage-first heap   total 215040K, used 96890K [0x00000000a3800000, 0x0000000100000000)
  region size 1024K, 0 young (0K), 0 survivors (0K)
 Metaspace       used 66826K, capacity 68333K, committed 68608K, reserved 1110016K
  class space    used 7029K, capacity 7630K, committed 7680K, reserved 1048576K
}
Event: 2238.292 GC heap before
{Heap before GC invocations=144 (full 3):
 garbage-first heap   total 215040K, used 164474K [0x00000000a3800000, 0x0000000100000000)
  region size 1024K, 67 young (68608K), 0 survivors (0K)
 Metaspace       used 66961K, capacity 68472K, committed 68608K, reserved 1110016K
  class space    used 7040K, capacity 7633K, committed 7680K, reserved 1048576K
}
Event: 2238.296 GC heap after
{Heap after GC invocations=145 (full 3):
 garbage-first heap   total 215040K, used 98861K [0x00000000a3800000, 0x0000000100000000)
  region size 1024K, 2 young (2048K), 2 survivors (2048K)
 Metaspace       used 66961K, capacity 68472K, committed 68608K, reserved 1110016K
  class space    used 7040K, capacity 7633K, committed 7680K, reserved 1048576K
}
Event: 2238.385 GC heap before
{Heap before GC invocations=145 (full 3):
 garbage-first heap   total 215040K, used 168493K [0x00000000a3800000, 0x0000000100000000)
  region size 1024K, 70 young (71680K), 2 survivors (2048K)
 Metaspace       used 67124K, capacity 68610K, committed 68864K, reserved 1110016K
  class space    used 7044K, capacity 7634K, committed 7680K, reserved 1048576K
}
Event: 2238.396 GC heap after
{Heap after GC invocations=146 (full 3):
 garbage-first heap   total 215040K, used 101819K [0x00000000a3800000, 0x0000000100000000)
  region size 1024K, 5 young (5120K), 5 survivors (5120K)
 Metaspace       used 67124K, capacity 68610K, committed 68864K, reserved 1110016K
  class space    used 7044K, capacity 7634K, committed 7680K, reserved 1048576K
}
Event: 2238.489 GC heap before
{Heap before GC invocations=146 (full 3):
 garbage-first heap   total 215040K, used 171451K [0x00000000a3800000, 0x0000000100000000)
  region size 1024K, 73 young (74752K), 5 survivors (5120K)
 Metaspace       used 67342K, capacity 68836K, committed 69120K, reserved 1110016K
  class space    used 7053K, capacity 7644K, committed 7680K, reserved 1048576K
}
Event: 2238.495 GC heap after
{Heap after GC invocations=147 (full 3):
 garbage-first heap   total 215040K, used 104986K [0x00000000a3800000, 0x0000000100000000)
  region size 1024K, 8 young (8192K), 8 survivors (8192K)
 Metaspace       used 67342K, capacity 68836K, committed 69120K, reserved 1110016K
  class space    used 7053K, capacity 7644K, committed 7680K, reserved 1048576K
}

